{
  "RSpec": {
    "coverage": {
      "/media/sf_share/makers/wk2/oystercard/spec/Journey_log_spec.rb": [
        1,
        null,
        1,
        5,
        4,
        2,
        null,
        1,
        1,
        1,
        1,
        null,
        null,
        1,
        1,
        1,
        null,
        1,
        1,
        1,
        1,
        null,
        null,
        1,
        1,
        1,
        1,
        1,
        null,
        null,
        1,
        1,
        null,
        null
      ],
      "/media/sf_share/makers/wk2/oystercard/lib/JourneyLog.rb": [
        1,
        1,
        null,
        1,
        4,
        4,
        null,
        null,
        null,
        1,
        2,
        null,
        null,
        1,
        2,
        null,
        null,
        1,
        4,
        3,
        null,
        null
      ],
      "/media/sf_share/makers/wk2/oystercard/spec/journey_spec.rb": [
        1,
        null,
        1,
        5,
        6,
        null,
        9,
        1,
        2,
        null,
        null,
        null,
        null,
        null,
        1,
        1,
        1,
        1,
        null,
        1,
        1,
        1,
        1,
        null,
        1,
        1,
        1,
        null,
        null,
        null,
        1,
        1,
        1,
        1,
        1,
        null,
        1,
        1,
        1,
        1,
        null,
        null,
        1,
        1,
        1,
        null,
        null,
        null,
        1,
        1,
        1,
        1,
        1,
        null,
        null,
        null
      ],
      "/media/sf_share/makers/wk2/oystercard/lib/journey.rb": [
        1,
        1,
        1,
        1,
        null,
        1,
        34,
        34,
        null,
        null,
        1,
        10,
        null,
        null,
        1,
        6,
        6,
        null,
        null,
        1,
        7,
        7,
        null,
        null,
        1,
        3,
        3,
        1,
        null,
        null
      ],
      "/media/sf_share/makers/wk2/oystercard/spec/oystercard_spec.rb": [
        1,
        null,
        1,
        null,
        7,
        5,
        11,
        11,
        null,
        1,
        1,
        null,
        null,
        1,
        1,
        1,
        4,
        null,
        1,
        1,
        2,
        null,
        null,
        null,
        1,
        1,
        2,
        null,
        1,
        1,
        1,
        1,
        1,
        null,
        null,
        null,
        1,
        5,
        1,
        1,
        4,
        null,
        1,
        1,
        1,
        null,
        1,
        1,
        null,
        1,
        1,
        1,
        null,
        null,
        null,
        null,
        1,
        2,
        null,
        null,
        null
      ],
      "/media/sf_share/makers/wk2/oystercard/lib/Oystercard.rb": [
        1,
        1,
        1,
        1,
        null,
        1,
        10,
        10,
        10,
        null,
        null,
        1,
        7,
        7,
        6,
        null,
        null,
        1,
        9,
        null,
        null,
        1,
        7,
        6,
        6,
        null,
        null,
        1,
        3,
        3,
        null,
        null,
        1,
        9,
        9,
        9,
        null,
        null,
        1,
        9,
        null,
        null,
        1,
        9,
        null,
        null
      ],
      "/media/sf_share/makers/wk2/oystercard/spec/station_spec.rb": [
        1,
        null,
        1,
        3,
        null,
        1,
        1,
        null,
        null,
        1,
        1,
        null,
        null,
        null
      ],
      "/media/sf_share/makers/wk2/oystercard/lib/station.rb": [
        1,
        1,
        null,
        1,
        2,
        2,
        null,
        null
      ]
    },
    "timestamp": 1484240141
  }
}
